[0.943s] Invoking command in '/home/vboxuser/test/src/sensor_system': PYTHONPATH=/home/vboxuser/test/build/sensor_system/prefix_override:/usr/lib/python3/dist-packages/colcon_core/task/python/colcon_distutils_commands:/home/vboxuser/test/install/sensor_system/lib/python3.10/site-packages:${PYTHONPATH} /usr/bin/python3 -W ignore:setup.py install is deprecated -W ignore:easy_install command is deprecated setup.py egg_info --egg-base ../../build/sensor_system build --build-base /home/vboxuser/test/build/sensor_system/build install --record /home/vboxuser/test/build/sensor_system/install.log --single-version-externally-managed install_data
[1.204s] running egg_info
[1.205s] writing ../../build/sensor_system/sensor_system.egg-info/PKG-INFO
[1.206s] writing dependency_links to ../../build/sensor_system/sensor_system.egg-info/dependency_links.txt
[1.210s] writing entry points to ../../build/sensor_system/sensor_system.egg-info/entry_points.txt
[1.211s] writing requirements to ../../build/sensor_system/sensor_system.egg-info/requires.txt
[1.211s] writing top-level names to ../../build/sensor_system/sensor_system.egg-info/top_level.txt
[1.211s] reading manifest file '../../build/sensor_system/sensor_system.egg-info/SOURCES.txt'
[1.213s] writing manifest file '../../build/sensor_system/sensor_system.egg-info/SOURCES.txt'
[1.214s] running build
[1.214s] running build_py
[1.215s] running install
[1.216s] running install_lib
[1.219s] running install_data
[1.219s] copying launch/sensor_system.launch.py -> /home/vboxuser/test/install/sensor_system/share/sensor_system/launch
[1.225s] running install_egg_info
[1.225s] removing '/home/vboxuser/test/install/sensor_system/lib/python3.10/site-packages/sensor_system-0.0.0-py3.10.egg-info' (and everything under it)
[1.225s] Copying ../../build/sensor_system/sensor_system.egg-info to /home/vboxuser/test/install/sensor_system/lib/python3.10/site-packages/sensor_system-0.0.0-py3.10.egg-info
[1.229s] running install_scripts
[1.249s] Installing listener script to /home/vboxuser/test/install/sensor_system/lib/sensor_system
[1.250s] Installing talker script to /home/vboxuser/test/install/sensor_system/lib/sensor_system
[1.252s] writing list of installed files to '/home/vboxuser/test/build/sensor_system/install.log'
[1.282s] Invoked command in '/home/vboxuser/test/src/sensor_system' returned '0': PYTHONPATH=/home/vboxuser/test/build/sensor_system/prefix_override:/usr/lib/python3/dist-packages/colcon_core/task/python/colcon_distutils_commands:/home/vboxuser/test/install/sensor_system/lib/python3.10/site-packages:${PYTHONPATH} /usr/bin/python3 -W ignore:setup.py install is deprecated -W ignore:easy_install command is deprecated setup.py egg_info --egg-base ../../build/sensor_system build --build-base /home/vboxuser/test/build/sensor_system/build install --record /home/vboxuser/test/build/sensor_system/install.log --single-version-externally-managed install_data
