[0.729s] Invoking command in '/home/vboxuser/test/src/sensor_system': PYTHONPATH=/home/vboxuser/test/build/sensor_system/prefix_override:/usr/lib/python3/dist-packages/colcon_core/task/python/colcon_distutils_commands:/home/vboxuser/test/install/sensor_system/lib/python3.10/site-packages:${PYTHONPATH} /usr/bin/python3 -W ignore:setup.py install is deprecated -W ignore:easy_install command is deprecated setup.py egg_info --egg-base ../../build/sensor_system build --build-base /home/vboxuser/test/build/sensor_system/build install --record /home/vboxuser/test/build/sensor_system/install.log --single-version-externally-managed install_data
[0.987s] running egg_info
[0.989s] writing ../../build/sensor_system/sensor_system.egg-info/PKG-INFO
[0.990s] writing dependency_links to ../../build/sensor_system/sensor_system.egg-info/dependency_links.txt
[0.995s] writing entry points to ../../build/sensor_system/sensor_system.egg-info/entry_points.txt
[0.996s] writing requirements to ../../build/sensor_system/sensor_system.egg-info/requires.txt
[0.997s] writing top-level names to ../../build/sensor_system/sensor_system.egg-info/top_level.txt
[0.997s] reading manifest file '../../build/sensor_system/sensor_system.egg-info/SOURCES.txt'
[0.997s] writing manifest file '../../build/sensor_system/sensor_system.egg-info/SOURCES.txt'
[0.997s] running build
[0.997s] running build_py
[0.999s] running install
[0.999s] running install_lib
[1.004s] running install_data
[1.004s] running install_egg_info
[1.004s] removing '/home/vboxuser/test/install/sensor_system/lib/python3.10/site-packages/sensor_system-0.0.0-py3.10.egg-info' (and everything under it)
[1.007s] Copying ../../build/sensor_system/sensor_system.egg-info to /home/vboxuser/test/install/sensor_system/lib/python3.10/site-packages/sensor_system-0.0.0-py3.10.egg-info
[1.016s] running install_scripts
[1.037s] Installing control_node script to /home/vboxuser/test/install/sensor_system/lib/sensor_system
[1.038s] Installing sensor_node script to /home/vboxuser/test/install/sensor_system/lib/sensor_system
[1.040s] writing list of installed files to '/home/vboxuser/test/build/sensor_system/install.log'
[1.068s] Invoked command in '/home/vboxuser/test/src/sensor_system' returned '0': PYTHONPATH=/home/vboxuser/test/build/sensor_system/prefix_override:/usr/lib/python3/dist-packages/colcon_core/task/python/colcon_distutils_commands:/home/vboxuser/test/install/sensor_system/lib/python3.10/site-packages:${PYTHONPATH} /usr/bin/python3 -W ignore:setup.py install is deprecated -W ignore:easy_install command is deprecated setup.py egg_info --egg-base ../../build/sensor_system build --build-base /home/vboxuser/test/build/sensor_system/build install --record /home/vboxuser/test/build/sensor_system/install.log --single-version-externally-managed install_data
