[0.710s] Invoking command in '/home/vboxuser/test/src/sensor_system': PYTHONPATH=/home/vboxuser/test/build/sensor_system/prefix_override:/usr/lib/python3/dist-packages/colcon_core/task/python/colcon_distutils_commands:/home/vboxuser/test/install/sensor_system/lib/python3.10/site-packages:${PYTHONPATH} /usr/bin/python3 -W ignore:setup.py install is deprecated -W ignore:easy_install command is deprecated setup.py egg_info --egg-base ../../build/sensor_system build --build-base /home/vboxuser/test/build/sensor_system/build install --record /home/vboxuser/test/build/sensor_system/install.log --single-version-externally-managed install_data
[0.969s] running egg_info
[0.970s] writing ../../build/sensor_system/sensor_system.egg-info/PKG-INFO
[0.971s] writing dependency_links to ../../build/sensor_system/sensor_system.egg-info/dependency_links.txt
[0.973s] writing entry points to ../../build/sensor_system/sensor_system.egg-info/entry_points.txt
[0.973s] writing requirements to ../../build/sensor_system/sensor_system.egg-info/requires.txt
[0.973s] writing top-level names to ../../build/sensor_system/sensor_system.egg-info/top_level.txt
[0.977s] reading manifest file '../../build/sensor_system/sensor_system.egg-info/SOURCES.txt'
[0.979s] writing manifest file '../../build/sensor_system/sensor_system.egg-info/SOURCES.txt'
[0.979s] running build
[0.979s] running build_py
[0.982s] running install
[0.983s] running install_lib
[0.985s] running install_data
[0.985s] running install_egg_info
[0.988s] removing '/home/vboxuser/test/install/sensor_system/lib/python3.10/site-packages/sensor_system-0.0.0-py3.10.egg-info' (and everything under it)
[0.998s] Copying ../../build/sensor_system/sensor_system.egg-info to /home/vboxuser/test/install/sensor_system/lib/python3.10/site-packages/sensor_system-0.0.0-py3.10.egg-info
[0.998s] running install_scripts
[1.016s] Installing listener script to /home/vboxuser/test/install/sensor_system/lib/sensor_system
[1.018s] Installing talker script to /home/vboxuser/test/install/sensor_system/lib/sensor_system
[1.019s] writing list of installed files to '/home/vboxuser/test/build/sensor_system/install.log'
[1.039s] Invoked command in '/home/vboxuser/test/src/sensor_system' returned '0': PYTHONPATH=/home/vboxuser/test/build/sensor_system/prefix_override:/usr/lib/python3/dist-packages/colcon_core/task/python/colcon_distutils_commands:/home/vboxuser/test/install/sensor_system/lib/python3.10/site-packages:${PYTHONPATH} /usr/bin/python3 -W ignore:setup.py install is deprecated -W ignore:easy_install command is deprecated setup.py egg_info --egg-base ../../build/sensor_system build --build-base /home/vboxuser/test/build/sensor_system/build install --record /home/vboxuser/test/build/sensor_system/install.log --single-version-externally-managed install_data
