running egg_info
writing ../../build/sensor_system/sensor_system.egg-info/PKG-INFO
writing dependency_links to ../../build/sensor_system/sensor_system.egg-info/dependency_links.txt
writing entry points to ../../build/sensor_system/sensor_system.egg-info/entry_points.txt
writing requirements to ../../build/sensor_system/sensor_system.egg-info/requires.txt
writing top-level names to ../../build/sensor_system/sensor_system.egg-info/top_level.txt
reading manifest file '../../build/sensor_system/sensor_system.egg-info/SOURCES.txt'
writing manifest file '../../build/sensor_system/sensor_system.egg-info/SOURCES.txt'
running build
running build_py
copying sensor_system/sensor_node.py -> /home/vboxuser/test/build/sensor_system/build/lib/sensor_system
copying sensor_system/control_node.py -> /home/vboxuser/test/build/sensor_system/build/lib/sensor_system
running install
running install_lib
copying /home/vboxuser/test/build/sensor_system/build/lib/sensor_system/sensor_node.py -> /home/vboxuser/test/install/sensor_system/lib/python3.10/site-packages/sensor_system
copying /home/vboxuser/test/build/sensor_system/build/lib/sensor_system/control_node.py -> /home/vboxuser/test/install/sensor_system/lib/python3.10/site-packages/sensor_system
byte-compiling /home/vboxuser/test/install/sensor_system/lib/python3.10/site-packages/sensor_system/sensor_node.py to sensor_node.cpython-310.pyc
byte-compiling /home/vboxuser/test/install/sensor_system/lib/python3.10/site-packages/sensor_system/control_node.py to control_node.cpython-310.pyc
running install_data
copying package.xml -> /home/vboxuser/test/install/sensor_system/share/sensor_system
creating /home/vboxuser/test/install/sensor_system/share/sensor_system/launch
running install_egg_info
removing '/home/vboxuser/test/install/sensor_system/lib/python3.10/site-packages/sensor_system-0.0.0-py3.10.egg-info' (and everything under it)
Copying ../../build/sensor_system/sensor_system.egg-info to /home/vboxuser/test/install/sensor_system/lib/python3.10/site-packages/sensor_system-0.0.0-py3.10.egg-info
running install_scripts
Installing listener script to /home/vboxuser/test/install/sensor_system/lib/sensor_system
Installing talker script to /home/vboxuser/test/install/sensor_system/lib/sensor_system
writing list of installed files to '/home/vboxuser/test/build/sensor_system/install.log'
