[0.201s] DEBUG:colcon:Command line arguments: ['/usr/bin/colcon', 'build']
[0.201s] DEBUG:colcon:Parsed command line arguments: Namespace(log_base=None, log_level=None, verb_name='build', build_base='build', install_base='install', merge_install=False, symlink_install=False, test_result_base=None, continue_on_error=False, executor='parallel', parallel_workers=1, event_handlers=None, ignore_user_meta=False, metas=['./colcon.meta'], base_paths=['.'], packages_ignore=None, packages_ignore_regex=None, paths=None, packages_up_to=None, packages_up_to_regex=None, packages_above=None, packages_above_and_dependencies=None, packages_above_depth=None, packages_select_by_dep=None, packages_skip_by_dep=None, packages_skip_up_to=None, packages_select_build_failed=False, packages_skip_build_finished=False, packages_select_test_failures=False, packages_skip_test_passed=False, packages_select=None, packages_skip=None, packages_select_regex=None, packages_skip_regex=None, packages_start=None, packages_end=None, allow_overriding=[], cmake_args=None, cmake_target=None, cmake_target_skip_unavailable=False, cmake_clean_cache=False, cmake_clean_first=False, cmake_force_configure=False, ament_cmake_args=None, catkin_cmake_args=None, catkin_skip_building_tests=False, mixin_files=None, mixin=None, verb_parser=<colcon_mixin.mixin.mixin_argument.MixinArgumentDecorator object at 0x7d674bb45690>, verb_extension=<colcon_core.verb.build.BuildVerb object at 0x7d674bc5e500>, main=<bound method BuildVerb.main of <colcon_core.verb.build.BuildVerb object at 0x7d674bc5e500>>, mixin_verb=('build',))
[0.423s] Level 1:colcon.colcon_core.package_discovery:discover_packages(colcon_meta) check parameters
[0.423s] Level 1:colcon.colcon_core.package_discovery:discover_packages(recursive) check parameters
[0.423s] Level 1:colcon.colcon_core.package_discovery:discover_packages(ignore) check parameters
[0.423s] Level 1:colcon.colcon_core.package_discovery:discover_packages(path) check parameters
[0.423s] Level 1:colcon.colcon_core.package_discovery:discover_packages(colcon_meta) discover
[0.424s] Level 1:colcon.colcon_core.package_discovery:discover_packages(recursive) discover
[0.424s] INFO:colcon.colcon_core.package_discovery:Crawling recursively for packages in '/home/vboxuser/test'
[0.424s] Level 1:colcon.colcon_core.package_identification:_identify(.) by extensions ['ignore', 'ignore_ament_install']
[0.424s] Level 1:colcon.colcon_core.package_identification:_identify(.) by extension 'ignore'
[0.424s] Level 1:colcon.colcon_core.package_identification:_identify(.) by extension 'ignore_ament_install'
[0.425s] Level 1:colcon.colcon_core.package_identification:_identify(.) by extensions ['colcon_pkg']
[0.425s] Level 1:colcon.colcon_core.package_identification:_identify(.) by extension 'colcon_pkg'
[0.425s] Level 1:colcon.colcon_core.package_identification:_identify(.) by extensions ['colcon_meta']
[0.425s] Level 1:colcon.colcon_core.package_identification:_identify(.) by extension 'colcon_meta'
[0.425s] Level 1:colcon.colcon_core.package_identification:_identify(.) by extensions ['ros']
[0.426s] Level 1:colcon.colcon_core.package_identification:_identify(.) by extension 'ros'
[0.437s] Level 1:colcon.colcon_core.package_identification:_identify(.) by extensions ['cmake', 'python']
[0.437s] Level 1:colcon.colcon_core.package_identification:_identify(.) by extension 'cmake'
[0.437s] Level 1:colcon.colcon_core.package_identification:_identify(.) by extension 'python'
[0.438s] Level 1:colcon.colcon_core.package_identification:_identify(.) by extensions ['python_setup_py']
[0.438s] Level 1:colcon.colcon_core.package_identification:_identify(.) by extension 'python_setup_py'
[0.438s] Level 1:colcon.colcon_core.package_identification:_identify(build) by extensions ['ignore', 'ignore_ament_install']
[0.439s] Level 1:colcon.colcon_core.package_identification:_identify(build) by extension 'ignore'
[0.439s] Level 1:colcon.colcon_core.package_identification:_identify(build) ignored
[0.439s] Level 1:colcon.colcon_core.package_identification:_identify(install) by extensions ['ignore', 'ignore_ament_install']
[0.439s] Level 1:colcon.colcon_core.package_identification:_identify(install) by extension 'ignore'
[0.440s] Level 1:colcon.colcon_core.package_identification:_identify(install) ignored
[0.440s] Level 1:colcon.colcon_core.package_identification:_identify(launch) by extensions ['ignore', 'ignore_ament_install']
[0.440s] Level 1:colcon.colcon_core.package_identification:_identify(launch) by extension 'ignore'
[0.440s] Level 1:colcon.colcon_core.package_identification:_identify(launch) by extension 'ignore_ament_install'
[0.440s] Level 1:colcon.colcon_core.package_identification:_identify(launch) by extensions ['colcon_pkg']
[0.440s] Level 1:colcon.colcon_core.package_identification:_identify(launch) by extension 'colcon_pkg'
[0.440s] Level 1:colcon.colcon_core.package_identification:_identify(launch) by extensions ['colcon_meta']
[0.440s] Level 1:colcon.colcon_core.package_identification:_identify(launch) by extension 'colcon_meta'
[0.440s] Level 1:colcon.colcon_core.package_identification:_identify(launch) by extensions ['ros']
[0.440s] Level 1:colcon.colcon_core.package_identification:_identify(launch) by extension 'ros'
[0.440s] Level 1:colcon.colcon_core.package_identification:_identify(launch) by extensions ['cmake', 'python']
[0.440s] Level 1:colcon.colcon_core.package_identification:_identify(launch) by extension 'cmake'
[0.440s] Level 1:colcon.colcon_core.package_identification:_identify(launch) by extension 'python'
[0.440s] Level 1:colcon.colcon_core.package_identification:_identify(launch) by extensions ['python_setup_py']
[0.440s] Level 1:colcon.colcon_core.package_identification:_identify(launch) by extension 'python_setup_py'
[0.440s] Level 1:colcon.colcon_core.package_identification:_identify(launch/build) by extensions ['ignore', 'ignore_ament_install']
[0.440s] Level 1:colcon.colcon_core.package_identification:_identify(launch/build) by extension 'ignore'
[0.440s] Level 1:colcon.colcon_core.package_identification:_identify(launch/build) ignored
[0.441s] Level 1:colcon.colcon_core.package_identification:_identify(launch/install) by extensions ['ignore', 'ignore_ament_install']
[0.441s] Level 1:colcon.colcon_core.package_identification:_identify(launch/install) by extension 'ignore'
[0.441s] Level 1:colcon.colcon_core.package_identification:_identify(launch/install) ignored
[0.441s] Level 1:colcon.colcon_core.package_identification:_identify(launch/log) by extensions ['ignore', 'ignore_ament_install']
[0.441s] Level 1:colcon.colcon_core.package_identification:_identify(launch/log) by extension 'ignore'
[0.441s] Level 1:colcon.colcon_core.package_identification:_identify(launch/log) ignored
[0.441s] Level 1:colcon.colcon_core.package_identification:_identify(log) by extensions ['ignore', 'ignore_ament_install']
[0.441s] Level 1:colcon.colcon_core.package_identification:_identify(log) by extension 'ignore'
[0.441s] Level 1:colcon.colcon_core.package_identification:_identify(log) ignored
[0.441s] Level 1:colcon.colcon_core.package_identification:_identify(src) by extensions ['ignore', 'ignore_ament_install']
[0.441s] Level 1:colcon.colcon_core.package_identification:_identify(src) by extension 'ignore'
[0.442s] Level 1:colcon.colcon_core.package_identification:_identify(src) by extension 'ignore_ament_install'
[0.442s] Level 1:colcon.colcon_core.package_identification:_identify(src) by extensions ['colcon_pkg']
[0.442s] Level 1:colcon.colcon_core.package_identification:_identify(src) by extension 'colcon_pkg'
[0.442s] Level 1:colcon.colcon_core.package_identification:_identify(src) by extensions ['colcon_meta']
[0.442s] Level 1:colcon.colcon_core.package_identification:_identify(src) by extension 'colcon_meta'
[0.443s] Level 1:colcon.colcon_core.package_identification:_identify(src) by extensions ['ros']
[0.443s] Level 1:colcon.colcon_core.package_identification:_identify(src) by extension 'ros'
[0.443s] Level 1:colcon.colcon_core.package_identification:_identify(src) by extensions ['cmake', 'python']
[0.443s] Level 1:colcon.colcon_core.package_identification:_identify(src) by extension 'cmake'
[0.443s] Level 1:colcon.colcon_core.package_identification:_identify(src) by extension 'python'
[0.443s] Level 1:colcon.colcon_core.package_identification:_identify(src) by extensions ['python_setup_py']
[0.443s] Level 1:colcon.colcon_core.package_identification:_identify(src) by extension 'python_setup_py'
[0.444s] Level 1:colcon.colcon_core.package_identification:_identify(src/sensor_system) by extensions ['ignore', 'ignore_ament_install']
[0.444s] Level 1:colcon.colcon_core.package_identification:_identify(src/sensor_system) by extension 'ignore'
[0.444s] Level 1:colcon.colcon_core.package_identification:_identify(src/sensor_system) by extension 'ignore_ament_install'
[0.444s] Level 1:colcon.colcon_core.package_identification:_identify(src/sensor_system) by extensions ['colcon_pkg']
[0.444s] Level 1:colcon.colcon_core.package_identification:_identify(src/sensor_system) by extension 'colcon_pkg'
[0.444s] Level 1:colcon.colcon_core.package_identification:_identify(src/sensor_system) by extensions ['colcon_meta']
[0.444s] Level 1:colcon.colcon_core.package_identification:_identify(src/sensor_system) by extension 'colcon_meta'
[0.444s] Level 1:colcon.colcon_core.package_identification:_identify(src/sensor_system) by extensions ['ros']
[0.444s] Level 1:colcon.colcon_core.package_identification:_identify(src/sensor_system) by extension 'ros'
[0.448s] DEBUG:colcon.colcon_core.package_identification:Package 'src/sensor_system' with type 'ros.ament_python' and name 'sensor_system'
[0.448s] Level 1:colcon.colcon_core.package_discovery:discover_packages(recursive) using defaults
[0.449s] Level 1:colcon.colcon_core.package_discovery:discover_packages(ignore) discover
[0.449s] Level 1:colcon.colcon_core.package_discovery:discover_packages(ignore) using defaults
[0.449s] Level 1:colcon.colcon_core.package_discovery:discover_packages(path) discover
[0.449s] Level 1:colcon.colcon_core.package_discovery:discover_packages(path) using defaults
[0.480s] Level 1:colcon.colcon_core.package_discovery:discover_packages(prefix_path) check parameters
[0.480s] Level 1:colcon.colcon_core.package_discovery:discover_packages(prefix_path) discover
[0.481s] DEBUG:colcon.colcon_installed_package_information.package_discovery:Found 1 installed packages in /home/vboxuser/test/install
[0.482s] DEBUG:colcon.colcon_installed_package_information.package_discovery:Found 0 installed packages in /home/vboxuser/proj_ros2/prj_ros2_td/install
[0.483s] DEBUG:colcon.colcon_installed_package_information.package_discovery:Found 271 installed packages in /opt/ros/humble
[0.485s] Level 1:colcon.colcon_core.package_discovery:discover_packages(prefix_path) using defaults
[0.537s] Level 5:colcon.colcon_core.verb:set package 'sensor_system' build argument 'cmake_args' from command line to 'None'
[0.538s] Level 5:colcon.colcon_core.verb:set package 'sensor_system' build argument 'cmake_target' from command line to 'None'
[0.538s] Level 5:colcon.colcon_core.verb:set package 'sensor_system' build argument 'cmake_target_skip_unavailable' from command line to 'False'
[0.538s] Level 5:colcon.colcon_core.verb:set package 'sensor_system' build argument 'cmake_clean_cache' from command line to 'False'
[0.538s] Level 5:colcon.colcon_core.verb:set package 'sensor_system' build argument 'cmake_clean_first' from command line to 'False'
[0.538s] Level 5:colcon.colcon_core.verb:set package 'sensor_system' build argument 'cmake_force_configure' from command line to 'False'
[0.539s] Level 5:colcon.colcon_core.verb:set package 'sensor_system' build argument 'ament_cmake_args' from command line to 'None'
[0.539s] Level 5:colcon.colcon_core.verb:set package 'sensor_system' build argument 'catkin_cmake_args' from command line to 'None'
[0.539s] Level 5:colcon.colcon_core.verb:set package 'sensor_system' build argument 'catkin_skip_building_tests' from command line to 'False'
[0.539s] DEBUG:colcon.colcon_core.verb:Building package 'sensor_system' with the following arguments: {'ament_cmake_args': None, 'build_base': '/home/vboxuser/test/build/sensor_system', 'catkin_cmake_args': None, 'catkin_skip_building_tests': False, 'cmake_args': None, 'cmake_clean_cache': False, 'cmake_clean_first': False, 'cmake_force_configure': False, 'cmake_target': None, 'cmake_target_skip_unavailable': False, 'install_base': '/home/vboxuser/test/install/sensor_system', 'merge_install': False, 'path': '/home/vboxuser/test/src/sensor_system', 'symlink_install': False, 'test_result_base': None}
[0.539s] INFO:colcon.colcon_core.executor:Executing jobs using 'parallel' executor
[0.541s] DEBUG:colcon.colcon_parallel_executor.executor.parallel:run_until_complete
[0.541s] INFO:colcon.colcon_ros.task.ament_python.build:Building ROS package in '/home/vboxuser/test/src/sensor_system' with build type 'ament_python'
[0.541s] Level 1:colcon.colcon_core.shell:create_environment_hook('sensor_system', 'ament_prefix_path')
[0.543s] INFO:colcon.colcon_core.plugin_system:Skipping extension 'colcon_core.shell.bat': Not used on non-Windows systems
[0.544s] INFO:colcon.colcon_core.shell:Creating environment hook '/home/vboxuser/test/install/sensor_system/share/sensor_system/hook/ament_prefix_path.ps1'
[0.546s] INFO:colcon.colcon_core.shell:Creating environment descriptor '/home/vboxuser/test/install/sensor_system/share/sensor_system/hook/ament_prefix_path.dsv'
[0.547s] INFO:colcon.colcon_core.shell:Creating environment hook '/home/vboxuser/test/install/sensor_system/share/sensor_system/hook/ament_prefix_path.sh'
[0.549s] INFO:colcon.colcon_core.shell:Skip shell extension 'powershell' for command environment: Not usable outside of PowerShell
[0.549s] DEBUG:colcon.colcon_core.shell:Skip shell extension 'dsv' for command environment
[0.893s] INFO:colcon.colcon_core.task.python.build:Building Python package in '/home/vboxuser/test/src/sensor_system'
[0.893s] INFO:colcon.colcon_core.shell:Skip shell extension 'powershell' for command environment: Not usable outside of PowerShell
[0.894s] DEBUG:colcon.colcon_core.shell:Skip shell extension 'dsv' for command environment
[1.382s] DEBUG:colcon.colcon_core.event_handler.log_command:Invoking command in '/home/vboxuser/test/src/sensor_system': PYTHONPATH=/home/vboxuser/test/build/sensor_system/prefix_override:/usr/lib/python3/dist-packages/colcon_core/task/python/colcon_distutils_commands:/home/vboxuser/test/install/sensor_system/lib/python3.10/site-packages:${PYTHONPATH} /usr/bin/python3 -W ignore:setup.py install is deprecated -W ignore:easy_install command is deprecated setup.py egg_info --egg-base ../../build/sensor_system build --build-base /home/vboxuser/test/build/sensor_system/build install --record /home/vboxuser/test/build/sensor_system/install.log --single-version-externally-managed install_data
[1.765s] DEBUG:colcon.colcon_core.event_handler.log_command:Invoked command in '/home/vboxuser/test/src/sensor_system' returned '0': PYTHONPATH=/home/vboxuser/test/build/sensor_system/prefix_override:/usr/lib/python3/dist-packages/colcon_core/task/python/colcon_distutils_commands:/home/vboxuser/test/install/sensor_system/lib/python3.10/site-packages:${PYTHONPATH} /usr/bin/python3 -W ignore:setup.py install is deprecated -W ignore:easy_install command is deprecated setup.py egg_info --egg-base ../../build/sensor_system build --build-base /home/vboxuser/test/build/sensor_system/build install --record /home/vboxuser/test/build/sensor_system/install.log --single-version-externally-managed install_data
[1.771s] Level 1:colcon.colcon_core.environment:checking '/home/vboxuser/test/install/sensor_system' for CMake module files
[1.771s] Level 1:colcon.colcon_core.environment:checking '/home/vboxuser/test/install/sensor_system' for CMake config files
[1.772s] Level 1:colcon.colcon_core.environment:checking '/home/vboxuser/test/install/sensor_system/lib'
[1.773s] Level 1:colcon.colcon_core.environment:checking '/home/vboxuser/test/install/sensor_system/bin'
[1.773s] Level 1:colcon.colcon_core.environment:checking '/home/vboxuser/test/install/sensor_system/lib/pkgconfig/sensor_system.pc'
[1.773s] Level 1:colcon.colcon_core.environment:checking '/home/vboxuser/test/install/sensor_system/lib/python3.10/site-packages'
[1.773s] Level 1:colcon.colcon_core.shell:create_environment_hook('sensor_system', 'pythonpath')
[1.774s] INFO:colcon.colcon_core.shell:Creating environment hook '/home/vboxuser/test/install/sensor_system/share/sensor_system/hook/pythonpath.ps1'
[1.774s] INFO:colcon.colcon_core.shell:Creating environment descriptor '/home/vboxuser/test/install/sensor_system/share/sensor_system/hook/pythonpath.dsv'
[1.775s] INFO:colcon.colcon_core.shell:Creating environment hook '/home/vboxuser/test/install/sensor_system/share/sensor_system/hook/pythonpath.sh'
[1.776s] Level 1:colcon.colcon_core.environment:checking '/home/vboxuser/test/install/sensor_system/bin'
[1.776s] Level 1:colcon.colcon_core.environment:create_environment_scripts_only(sensor_system)
[1.777s] INFO:colcon.colcon_core.shell:Creating package script '/home/vboxuser/test/install/sensor_system/share/sensor_system/package.ps1'
[1.778s] INFO:colcon.colcon_core.shell:Creating package descriptor '/home/vboxuser/test/install/sensor_system/share/sensor_system/package.dsv'
[1.779s] INFO:colcon.colcon_core.shell:Creating package script '/home/vboxuser/test/install/sensor_system/share/sensor_system/package.sh'
[1.781s] INFO:colcon.colcon_core.shell:Creating package script '/home/vboxuser/test/install/sensor_system/share/sensor_system/package.bash'
[1.782s] INFO:colcon.colcon_core.shell:Creating package script '/home/vboxuser/test/install/sensor_system/share/sensor_system/package.zsh'
[1.783s] Level 1:colcon.colcon_core.environment:create_file_with_runtime_dependencies(/home/vboxuser/test/install/sensor_system/share/colcon-core/packages/sensor_system)
[1.784s] DEBUG:colcon.colcon_parallel_executor.executor.parallel:closing loop
[1.785s] DEBUG:colcon.colcon_parallel_executor.executor.parallel:loop closed
[1.785s] DEBUG:colcon.colcon_parallel_executor.executor.parallel:run_until_complete finished with '0'
[1.785s] DEBUG:colcon.colcon_core.event_reactor:joining thread
[1.793s] INFO:colcon.colcon_core.plugin_system:Skipping extension 'colcon_notification.desktop_notification.terminal_notifier': Not used on non-Darwin systems
[1.796s] INFO:colcon.colcon_core.plugin_system:Skipping extension 'colcon_notification.desktop_notification.win32': Not used on non-Windows systems
[1.796s] INFO:colcon.colcon_notification.desktop_notification:Sending desktop notification using 'notify2'
[1.796s] DEBUG:colcon.colcon_notification.desktop_notification.notify2:Failed to initialize notify2: org.freedesktop.DBus.Error.NoReply: Did not receive a reply. Possible causes include: the remote application did not send a reply, the message bus security policy blocked the reply, the reply timeout expired, or the network connection was broken.
[1.796s] DEBUG:colcon.colcon_core.event_reactor:joined thread
[1.797s] INFO:colcon.colcon_core.shell:Creating prefix script '/home/vboxuser/test/install/local_setup.ps1'
[1.799s] INFO:colcon.colcon_core.shell:Creating prefix util module '/home/vboxuser/test/install/_local_setup_util_ps1.py'
[1.802s] INFO:colcon.colcon_core.shell:Creating prefix chain script '/home/vboxuser/test/install/setup.ps1'
[1.803s] INFO:colcon.colcon_core.shell:Creating prefix script '/home/vboxuser/test/install/local_setup.sh'
[1.805s] INFO:colcon.colcon_core.shell:Creating prefix util module '/home/vboxuser/test/install/_local_setup_util_sh.py'
[1.806s] INFO:colcon.colcon_core.shell:Creating prefix chain script '/home/vboxuser/test/install/setup.sh'
[1.807s] INFO:colcon.colcon_core.shell:Creating prefix script '/home/vboxuser/test/install/local_setup.bash'
[1.808s] INFO:colcon.colcon_core.shell:Creating prefix chain script '/home/vboxuser/test/install/setup.bash'
[1.809s] INFO:colcon.colcon_core.shell:Creating prefix script '/home/vboxuser/test/install/local_setup.zsh'
[1.810s] INFO:colcon.colcon_core.shell:Creating prefix chain script '/home/vboxuser/test/install/setup.zsh'
