[0.783s] Invoking command in '/home/vboxuser/test/src/sensor_system': PYTHONPATH=/home/vboxuser/test/build/sensor_system/prefix_override:/usr/lib/python3/dist-packages/colcon_core/task/python/colcon_distutils_commands:/home/vboxuser/test/install/sensor_system/lib/python3.10/site-packages:${PYTHONPATH} /usr/bin/python3 -W ignore:setup.py install is deprecated -W ignore:easy_install command is deprecated setup.py egg_info --egg-base ../../build/sensor_system build --build-base /home/vboxuser/test/build/sensor_system/build install --record /home/vboxuser/test/build/sensor_system/install.log --single-version-externally-managed install_data
[1.049s] running egg_info
[1.059s] writing ../../build/sensor_system/sensor_system.egg-info/PKG-INFO
[1.059s] writing dependency_links to ../../build/sensor_system/sensor_system.egg-info/dependency_links.txt
[1.060s] writing entry points to ../../build/sensor_system/sensor_system.egg-info/entry_points.txt
[1.060s] writing requirements to ../../build/sensor_system/sensor_system.egg-info/requires.txt
[1.060s] writing top-level names to ../../build/sensor_system/sensor_system.egg-info/top_level.txt
[1.061s] reading manifest file '../../build/sensor_system/sensor_system.egg-info/SOURCES.txt'
[1.068s] writing manifest file '../../build/sensor_system/sensor_system.egg-info/SOURCES.txt'
[1.068s] running build
[1.068s] running build_py
[1.068s] running install
[1.068s] running install_lib
[1.071s] running install_data
[1.072s] running install_egg_info
[1.075s] removing '/home/vboxuser/test/install/sensor_system/lib/python3.10/site-packages/sensor_system-0.0.0-py3.10.egg-info' (and everything under it)
[1.077s] Copying ../../build/sensor_system/sensor_system.egg-info to /home/vboxuser/test/install/sensor_system/lib/python3.10/site-packages/sensor_system-0.0.0-py3.10.egg-info
[1.083s] running install_scripts
[1.102s] Installing listener script to /home/vboxuser/test/install/sensor_system/lib/sensor_system
[1.103s] Installing talker script to /home/vboxuser/test/install/sensor_system/lib/sensor_system
[1.104s] writing list of installed files to '/home/vboxuser/test/build/sensor_system/install.log'
[1.127s] Invoked command in '/home/vboxuser/test/src/sensor_system' returned '0': PYTHONPATH=/home/vboxuser/test/build/sensor_system/prefix_override:/usr/lib/python3/dist-packages/colcon_core/task/python/colcon_distutils_commands:/home/vboxuser/test/install/sensor_system/lib/python3.10/site-packages:${PYTHONPATH} /usr/bin/python3 -W ignore:setup.py install is deprecated -W ignore:easy_install command is deprecated setup.py egg_info --egg-base ../../build/sensor_system build --build-base /home/vboxuser/test/build/sensor_system/build install --record /home/vboxuser/test/build/sensor_system/install.log --single-version-externally-managed install_data
