[0.841s] Invoking command in '/home/vboxuser/test/src/sensor_system': PYTHONPATH=/home/vboxuser/test/build/sensor_system/prefix_override:/usr/lib/python3/dist-packages/colcon_core/task/python/colcon_distutils_commands:/home/vboxuser/test/install/sensor_system/lib/python3.10/site-packages:${PYTHONPATH} /usr/bin/python3 -W ignore:setup.py install is deprecated -W ignore:easy_install command is deprecated setup.py egg_info --egg-base ../../build/sensor_system build --build-base /home/vboxuser/test/build/sensor_system/build install --record /home/vboxuser/test/build/sensor_system/install.log --single-version-externally-managed install_data
[1.132s] running egg_info
[1.133s] writing ../../build/sensor_system/sensor_system.egg-info/PKG-INFO
[1.134s] writing dependency_links to ../../build/sensor_system/sensor_system.egg-info/dependency_links.txt
[1.136s] writing entry points to ../../build/sensor_system/sensor_system.egg-info/entry_points.txt
[1.136s] writing requirements to ../../build/sensor_system/sensor_system.egg-info/requires.txt
[1.140s] writing top-level names to ../../build/sensor_system/sensor_system.egg-info/top_level.txt
[1.141s] reading manifest file '../../build/sensor_system/sensor_system.egg-info/SOURCES.txt'
[1.145s] writing manifest file '../../build/sensor_system/sensor_system.egg-info/SOURCES.txt'
[1.145s] running build
[1.145s] running build_py
[1.145s] running install
[1.145s] running install_lib
[1.146s] running install_data
[1.148s] running install_egg_info
[1.153s] removing '/home/vboxuser/test/install/sensor_system/lib/python3.10/site-packages/sensor_system-0.0.0-py3.10.egg-info' (and everything under it)
[1.159s] Copying ../../build/sensor_system/sensor_system.egg-info to /home/vboxuser/test/install/sensor_system/lib/python3.10/site-packages/sensor_system-0.0.0-py3.10.egg-info
[1.159s] running install_scripts
[1.197s] Installing listener script to /home/vboxuser/test/install/sensor_system/lib/sensor_system
[1.197s] Installing talker script to /home/vboxuser/test/install/sensor_system/lib/sensor_system
[1.201s] writing list of installed files to '/home/vboxuser/test/build/sensor_system/install.log'
[1.223s] Invoked command in '/home/vboxuser/test/src/sensor_system' returned '0': PYTHONPATH=/home/vboxuser/test/build/sensor_system/prefix_override:/usr/lib/python3/dist-packages/colcon_core/task/python/colcon_distutils_commands:/home/vboxuser/test/install/sensor_system/lib/python3.10/site-packages:${PYTHONPATH} /usr/bin/python3 -W ignore:setup.py install is deprecated -W ignore:easy_install command is deprecated setup.py egg_info --egg-base ../../build/sensor_system build --build-base /home/vboxuser/test/build/sensor_system/build install --record /home/vboxuser/test/build/sensor_system/install.log --single-version-externally-managed install_data
