running egg_info
creating ../../build/sensor_system/sensor_system.egg-info
writing ../../build/sensor_system/sensor_system.egg-info/PKG-INFO
writing dependency_links to ../../build/sensor_system/sensor_system.egg-info/dependency_links.txt
writing entry points to ../../build/sensor_system/sensor_system.egg-info/entry_points.txt
writing requirements to ../../build/sensor_system/sensor_system.egg-info/requires.txt
writing top-level names to ../../build/sensor_system/sensor_system.egg-info/top_level.txt
writing manifest file '../../build/sensor_system/sensor_system.egg-info/SOURCES.txt'
reading manifest file '../../build/sensor_system/sensor_system.egg-info/SOURCES.txt'
writing manifest file '../../build/sensor_system/sensor_system.egg-info/SOURCES.txt'
running build
running build_py
creating /home/vboxuser/test/build/sensor_system/build
creating /home/vboxuser/test/build/sensor_system/build/lib
creating /home/vboxuser/test/build/sensor_system/build/lib/sensor_system
copying sensor_system/__init__.py -> /home/vboxuser/test/build/sensor_system/build/lib/sensor_system
running install
running install_lib
creating /home/vboxuser/test/install/sensor_system/lib/python3.10/site-packages/sensor_system
copying /home/vboxuser/test/build/sensor_system/build/lib/sensor_system/__init__.py -> /home/vboxuser/test/install/sensor_system/lib/python3.10/site-packages/sensor_system
byte-compiling /home/vboxuser/test/install/sensor_system/lib/python3.10/site-packages/sensor_system/__init__.py to __init__.cpython-310.pyc
running install_data
creating /home/vboxuser/test/install/sensor_system/share/ament_index
creating /home/vboxuser/test/install/sensor_system/share/ament_index/resource_index
creating /home/vboxuser/test/install/sensor_system/share/ament_index/resource_index/packages
copying resource/sensor_system -> /home/vboxuser/test/install/sensor_system/share/ament_index/resource_index/packages
copying package.xml -> /home/vboxuser/test/install/sensor_system/share/sensor_system
running install_egg_info
Copying ../../build/sensor_system/sensor_system.egg-info to /home/vboxuser/test/install/sensor_system/lib/python3.10/site-packages/sensor_system-0.0.0-py3.10.egg-info
running install_scripts
writing list of installed files to '/home/vboxuser/test/build/sensor_system/install.log'
