[0.684s] Invoking command in '/home/vboxuser/test/src/sensor_system': PYTHONPATH=/home/vboxuser/test/build/sensor_system/prefix_override:/usr/lib/python3/dist-packages/colcon_core/task/python/colcon_distutils_commands:/home/vboxuser/test/install/sensor_system/lib/python3.10/site-packages:${PYTHONPATH} /usr/bin/python3 -W ignore:setup.py install is deprecated -W ignore:easy_install command is deprecated setup.py egg_info --egg-base ../../build/sensor_system build --build-base /home/vboxuser/test/build/sensor_system/build install --record /home/vboxuser/test/build/sensor_system/install.log --single-version-externally-managed install_data
[0.936s] running egg_info
[0.937s] creating ../../build/sensor_system/sensor_system.egg-info
[0.937s] writing ../../build/sensor_system/sensor_system.egg-info/PKG-INFO
[0.938s] writing dependency_links to ../../build/sensor_system/sensor_system.egg-info/dependency_links.txt
[0.938s] writing entry points to ../../build/sensor_system/sensor_system.egg-info/entry_points.txt
[0.938s] writing requirements to ../../build/sensor_system/sensor_system.egg-info/requires.txt
[0.938s] writing top-level names to ../../build/sensor_system/sensor_system.egg-info/top_level.txt
[0.939s] writing manifest file '../../build/sensor_system/sensor_system.egg-info/SOURCES.txt'
[0.940s] reading manifest file '../../build/sensor_system/sensor_system.egg-info/SOURCES.txt'
[0.941s] writing manifest file '../../build/sensor_system/sensor_system.egg-info/SOURCES.txt'
[0.942s] running build
[0.942s] running build_py
[0.943s] creating /home/vboxuser/test/build/sensor_system/build
[0.943s] creating /home/vboxuser/test/build/sensor_system/build/lib
[0.943s] creating /home/vboxuser/test/build/sensor_system/build/lib/sensor_system
[0.943s] copying sensor_system/__init__.py -> /home/vboxuser/test/build/sensor_system/build/lib/sensor_system
[0.944s] running install
[0.944s] running install_lib
[0.945s] creating /home/vboxuser/test/install/sensor_system/lib/python3.10/site-packages/sensor_system
[0.945s] copying /home/vboxuser/test/build/sensor_system/build/lib/sensor_system/__init__.py -> /home/vboxuser/test/install/sensor_system/lib/python3.10/site-packages/sensor_system
[0.945s] byte-compiling /home/vboxuser/test/install/sensor_system/lib/python3.10/site-packages/sensor_system/__init__.py to __init__.cpython-310.pyc
[0.946s] running install_data
[0.946s] creating /home/vboxuser/test/install/sensor_system/share/ament_index
[0.946s] creating /home/vboxuser/test/install/sensor_system/share/ament_index/resource_index
[0.946s] creating /home/vboxuser/test/install/sensor_system/share/ament_index/resource_index/packages
[0.946s] copying resource/sensor_system -> /home/vboxuser/test/install/sensor_system/share/ament_index/resource_index/packages
[0.947s] copying package.xml -> /home/vboxuser/test/install/sensor_system/share/sensor_system
[0.949s] running install_egg_info
[0.953s] Copying ../../build/sensor_system/sensor_system.egg-info to /home/vboxuser/test/install/sensor_system/lib/python3.10/site-packages/sensor_system-0.0.0-py3.10.egg-info
[0.954s] running install_scripts
[0.976s] writing list of installed files to '/home/vboxuser/test/build/sensor_system/install.log'
[0.997s] Invoked command in '/home/vboxuser/test/src/sensor_system' returned '0': PYTHONPATH=/home/vboxuser/test/build/sensor_system/prefix_override:/usr/lib/python3/dist-packages/colcon_core/task/python/colcon_distutils_commands:/home/vboxuser/test/install/sensor_system/lib/python3.10/site-packages:${PYTHONPATH} /usr/bin/python3 -W ignore:setup.py install is deprecated -W ignore:easy_install command is deprecated setup.py egg_info --egg-base ../../build/sensor_system build --build-base /home/vboxuser/test/build/sensor_system/build install --record /home/vboxuser/test/build/sensor_system/install.log --single-version-externally-managed install_data
